SQL> 
SQL> -- Execute the script file. --
SQL> start &&1
SQL> --first index usecase
SQL> 
SQL> SELECT * FROM Transactions WHERE Timestamp BETWEEN TO_DATE('2023-01-01', 'YYYY-MM-DD') AND TO_DATE('2023-01-31', 'YYYY-MM-DD');

no rows selected

SQL> 
SQL> --changing time period to get data and above query give no data
SQL> 
SQL> SELECT * FROM Transactions WHERE Timestamp BETWEEN TO_DATE('2023-12-01', 'YYYY-MM-DD') AND TO_DATE('2023-12-31', 'YYYY-MM-DD');

TRANSACTIONID    ORDERID                                                        
------------- ----------                                                        
TIMESTAMP                                                                       
---------------------------------------------------------------------------     
          202        102                                                        
08-DEC-23 06.46.23.000000 PM                                                    
                                                                                
          203        103                                                        
12-DEC-23 06.46.23.000000 PM                                                    
                                                                                
            1          1                                                        
13-DEC-23 06.44.57.000000 PM                                                    
                                                                                

TRANSACTIONID    ORDERID                                                        
------------- ----------                                                        
TIMESTAMP                                                                       
---------------------------------------------------------------------------     
            2          2                                                        
13-DEC-23 06.44.57.000000 PM                                                    
                                                                                
            3          3                                                        
13-DEC-23 06.44.57.000000 PM                                                    
                                                                                
            4          4                                                        
13-DEC-23 06.44.57.000000 PM                                                    
                                                                                

TRANSACTIONID    ORDERID                                                        
------------- ----------                                                        
TIMESTAMP                                                                       
---------------------------------------------------------------------------     
            5          5                                                        
13-DEC-23 06.44.57.000000 PM                                                    
                                                                                
            6          6                                                        
13-DEC-23 06.44.57.000000 PM                                                    
                                                                                
            7          7                                                        
13-DEC-23 06.44.57.000000 PM                                                    
                                                                                

TRANSACTIONID    ORDERID                                                        
------------- ----------                                                        
TIMESTAMP                                                                       
---------------------------------------------------------------------------     
            8          8                                                        
13-DEC-23 06.44.57.000000 PM                                                    
                                                                                
            9          9                                                        
13-DEC-23 06.44.57.000000 PM                                                    
                                                                                
           10         10                                                        
13-DEC-23 06.44.57.000000 PM                                                    
                                                                                

TRANSACTIONID    ORDERID                                                        
------------- ----------                                                        
TIMESTAMP                                                                       
---------------------------------------------------------------------------     
           11         11                                                        
13-DEC-23 06.44.57.000000 PM                                                    
                                                                                
           12         12                                                        
13-DEC-23 06.44.57.000000 PM                                                    
                                                                                
           13         13                                                        
13-DEC-23 06.44.57.000000 PM                                                    
                                                                                

TRANSACTIONID    ORDERID                                                        
------------- ----------                                                        
TIMESTAMP                                                                       
---------------------------------------------------------------------------     
           14         14                                                        
13-DEC-23 06.44.57.000000 PM                                                    
                                                                                
           15         15                                                        
13-DEC-23 06.44.57.000000 PM                                                    
                                                                                

17 rows selected.

SQL> 
SQL> 
SQL> --second index Usecase
SQL> 
SQL> SELECT * FROM Transactions WHERE OrderID = 1;

TRANSACTIONID    ORDERID                                                        
------------- ----------                                                        
TIMESTAMP                                                                       
---------------------------------------------------------------------------     
            1          1                                                        
13-DEC-23 06.44.57.000000 PM                                                    
                                                                                

SQL> 
SQL> 
SQL> --Third index Usecase
SQL> 
SQL> SELECT * FROM Orders WHERE UserID = 1;

   ORDERID     USERID INSTRUMENTID                                              
---------- ---------- ------------                                              
TYPE                                                                            
--------------------------------------------------                              
STATUS                                                                          
--------------------------------------------------                              
CREATEDAT                                                                       
---------------------------------------------------------------------------     
UPDATEDAT                                                                       
---------------------------------------------------------------------------     
         1          1            1                                              
Buy                                                                             
Open                                                                            

   ORDERID     USERID INSTRUMENTID                                              
---------- ---------- ------------                                              
TYPE                                                                            
--------------------------------------------------                              
STATUS                                                                          
--------------------------------------------------                              
CREATEDAT                                                                       
---------------------------------------------------------------------------     
UPDATEDAT                                                                       
---------------------------------------------------------------------------     
13-DEC-23 06.44.57.000000 PM                                                    
13-DEC-23 06.44.57.000000 PM                                                    
                                                                                

   ORDERID     USERID INSTRUMENTID                                              
---------- ---------- ------------                                              
TYPE                                                                            
--------------------------------------------------                              
STATUS                                                                          
--------------------------------------------------                              
CREATEDAT                                                                       
---------------------------------------------------------------------------     
UPDATEDAT                                                                       
---------------------------------------------------------------------------     
       111          1            1                                              
Buy                                                                             
Open                                                                            

   ORDERID     USERID INSTRUMENTID                                              
---------- ---------- ------------                                              
TYPE                                                                            
--------------------------------------------------                              
STATUS                                                                          
--------------------------------------------------                              
CREATEDAT                                                                       
---------------------------------------------------------------------------     
UPDATEDAT                                                                       
---------------------------------------------------------------------------     
06-DEC-23 06.46.23.000000 PM                                                    
06-DEC-23 06.46.23.000000 PM                                                    
                                                                                

   ORDERID     USERID INSTRUMENTID                                              
---------- ---------- ------------                                              
TYPE                                                                            
--------------------------------------------------                              
STATUS                                                                          
--------------------------------------------------                              
CREATEDAT                                                                       
---------------------------------------------------------------------------     
UPDATEDAT                                                                       
---------------------------------------------------------------------------     
       102          1            2                                              
Sell                                                                            
Closed                                                                          

   ORDERID     USERID INSTRUMENTID                                              
---------- ---------- ------------                                              
TYPE                                                                            
--------------------------------------------------                              
STATUS                                                                          
--------------------------------------------------                              
CREATEDAT                                                                       
---------------------------------------------------------------------------     
UPDATEDAT                                                                       
---------------------------------------------------------------------------     
08-DEC-23 06.46.23.000000 PM                                                    
09-DEC-23 06.46.23.000000 PM                                                    
                                                                                

   ORDERID     USERID INSTRUMENTID                                              
---------- ---------- ------------                                              
TYPE                                                                            
--------------------------------------------------                              
STATUS                                                                          
--------------------------------------------------                              
CREATEDAT                                                                       
---------------------------------------------------------------------------     
UPDATEDAT                                                                       
---------------------------------------------------------------------------     
       103          1            3                                              
Buy                                                                             
Executed                                                                        

   ORDERID     USERID INSTRUMENTID                                              
---------- ---------- ------------                                              
TYPE                                                                            
--------------------------------------------------                              
STATUS                                                                          
--------------------------------------------------                              
CREATEDAT                                                                       
---------------------------------------------------------------------------     
UPDATEDAT                                                                       
---------------------------------------------------------------------------     
12-DEC-23 06.46.23.000000 PM                                                    
13-DEC-23 06.46.23.000000 PM                                                    
                                                                                

SQL> 
SQL> --some other indexes use case which is already created
SQL> 
SQL> 
SQL> SELECT * FROM Users WHERE Username = 'user1';

    USERID                                                                      
----------                                                                      
USERNAME                                                                        
--------------------------------------------------------------------------------
PASSWORD                                                                        
--------------------------------------------------------------------------------
EMAIL                                                                           
--------------------------------------------------------------------------------
CREATEDAT                                                                       
---------------------------------------------------------------------------     
UPDATEDAT                                                                       
---------------------------------------------------------------------------     
         1                                                                      

    USERID                                                                      
----------                                                                      
USERNAME                                                                        
--------------------------------------------------------------------------------
PASSWORD                                                                        
--------------------------------------------------------------------------------
EMAIL                                                                           
--------------------------------------------------------------------------------
CREATEDAT                                                                       
---------------------------------------------------------------------------     
UPDATEDAT                                                                       
---------------------------------------------------------------------------     
user1                                                                           

    USERID                                                                      
----------                                                                      
USERNAME                                                                        
--------------------------------------------------------------------------------
PASSWORD                                                                        
--------------------------------------------------------------------------------
EMAIL                                                                           
--------------------------------------------------------------------------------
CREATEDAT                                                                       
---------------------------------------------------------------------------     
UPDATEDAT                                                                       
---------------------------------------------------------------------------     
newPassword                                                                     

    USERID                                                                      
----------                                                                      
USERNAME                                                                        
--------------------------------------------------------------------------------
PASSWORD                                                                        
--------------------------------------------------------------------------------
EMAIL                                                                           
--------------------------------------------------------------------------------
CREATEDAT                                                                       
---------------------------------------------------------------------------     
UPDATEDAT                                                                       
---------------------------------------------------------------------------     
user1@example.com                                                               

    USERID                                                                      
----------                                                                      
USERNAME                                                                        
--------------------------------------------------------------------------------
PASSWORD                                                                        
--------------------------------------------------------------------------------
EMAIL                                                                           
--------------------------------------------------------------------------------
CREATEDAT                                                                       
---------------------------------------------------------------------------     
UPDATEDAT                                                                       
---------------------------------------------------------------------------     
13-DEC-23 06.44.57.000000 PM                                                    

    USERID                                                                      
----------                                                                      
USERNAME                                                                        
--------------------------------------------------------------------------------
PASSWORD                                                                        
--------------------------------------------------------------------------------
EMAIL                                                                           
--------------------------------------------------------------------------------
CREATEDAT                                                                       
---------------------------------------------------------------------------     
UPDATEDAT                                                                       
---------------------------------------------------------------------------     
13-DEC-23 06.44.57.000000 PM                                                    

    USERID                                                                      
----------                                                                      
USERNAME                                                                        
--------------------------------------------------------------------------------
PASSWORD                                                                        
--------------------------------------------------------------------------------
EMAIL                                                                           
--------------------------------------------------------------------------------
CREATEDAT                                                                       
---------------------------------------------------------------------------     
UPDATEDAT                                                                       
---------------------------------------------------------------------------     
                                                                                

SQL> 
SQL> SELECT * FROM Users WHERE Email = 'vamsenik123@example.com';

no rows selected

SQL> 
SQL> 
SQL> SQL> 
SQL> -- Restore the options to their default values. --
SQL> spool off
